<?xml version="1.0" encoding="UTF-8"?>
<!-- Generated by org.testng.reporters.JUnitXMLReporter -->
<testsuite ignored="4" hostname="IlhamTM" failures="0" tests="1" name="Default test" time="5.341" errors="0" timestamp="2023-03-18T11:41:26 WIB">
  <testcase classname="qaautomation.maret2023.APITestAfterRefactor" name="dashboardAPIWithoutParam" time="1.565"/>
  <testcase classname="qaautomation.maret2023.APITestAfterRefactor" name="dashboardAPI" time="0.0">
    <ignored/>
  </testcase> <!-- dashboardAPI -->
  <testcase classname="qaautomation.maret2023.APITestAfterRefactor" name="dashboardAPIWithoutToken" time="0.0">
    <ignored/>
  </testcase> <!-- dashboardAPIWithoutToken -->
  <testcase classname="qaautomation.maret2023.APITestAfterRefactor" name="dashboardAPIUsingScehmaInCode" time="0.0">
    <ignored/>
  </testcase> <!-- dashboardAPIUsingScehmaInCode -->
  <testcase classname="qaautomation.maret2023.APITestAfterRefactor" name="userAPI" time="0.0">
    <ignored/>
  </testcase> <!-- userAPI -->
</testsuite> <!-- Default test -->
