<?xml version="1.0" encoding="UTF-8"?>
<!-- Generated by org.testng.reporters.JUnitXMLReporter -->
<testsuite ignored="0" hostname="IlhamTM" failures="0" tests="3" name="Test" time="13.004" errors="0" timestamp="2023-03-04T11:43:38 WIB">
  <testcase classname="qaautomation.maret2023.WebTestUsingThreadLocalParalel" name="testWrongPassword" time="0.733"/>
  <testcase classname="qaautomation.maret2023.WebTestUsingThreadLocalParalel" name="testLogin" time="0.816"/>
  <testcase classname="qaautomation.maret2023.WebTestUsingThreadLocalParalel" name="testWrongUsername" time="0.714"/>
</testsuite> <!-- Test -->
