<?xml version="1.0" encoding="UTF-8"?>
<testng-results ignored="4" total="5" passed="1" failed="0" skipped="0">
  <reporter-output>
  </reporter-output>
  <suite started-at="2023-03-18T11:41:21 WIB" name="Default suite" finished-at="2023-03-18T11:41:26 WIB" duration-ms="5341">
    <groups>
    </groups>
    <test started-at="2023-03-18T11:41:21 WIB" name="Default test" finished-at="2023-03-18T11:41:26 WIB" duration-ms="5341">
      <class name="qaautomation.maret2023.APITestAfterRefactor">
        <test-method is-config="true" signature="loginAPI()[pri:0, instance:qaautomation.maret2023.APITestAfterRefactor@7fedfe27]" started-at="2023-03-18T11:41:21 WIB" name="loginAPI" finished-at="2023-03-18T11:41:24 WIB" duration-ms="3656" status="PASS">
          <reporter-output>
          </reporter-output>
        </test-method> <!-- loginAPI -->
        <test-method signature="dashboardAPIWithoutParam()[pri:0, instance:qaautomation.maret2023.APITestAfterRefactor@7fedfe27]" started-at="2023-03-18T11:41:24 WIB" name="dashboardAPIWithoutParam" finished-at="2023-03-18T11:41:26 WIB" duration-ms="1565" status="PASS">
          <reporter-output>
          </reporter-output>
        </test-method> <!-- dashboardAPIWithoutParam -->
      </class> <!-- qaautomation.maret2023.APITestAfterRefactor -->
    </test> <!-- Default test -->
  </suite> <!-- Default suite -->
</testng-results>
